[debug] [2023-05-06T14:26:54.076Z] ----------------------------------------------------------------------
[debug] [2023-05-06T14:26:54.078Z] Command:       C:\Program Files\nodejs\node.exe C:\Users\Fista\AppData\Roaming\npm\node_modules\firebase-tools\lib\bin\firebase.js init hosting
[debug] [2023-05-06T14:26:54.078Z] CLI Version:   11.30.0
[debug] [2023-05-06T14:26:54.078Z] Platform:      win32
[debug] [2023-05-06T14:26:54.078Z] Node Version:  v18.12.1
[debug] [2023-05-06T14:26:54.079Z] Time:          Sat May 06 2023 16:26:54 GMT+0200 (czas środkowoeuropejski letni)
[debug] [2023-05-06T14:26:54.079Z] ----------------------------------------------------------------------
[debug] 
[debug] [2023-05-06T14:26:54.084Z] > command requires scopes: ["email","openid","https://www.googleapis.com/auth/cloudplatformprojects.readonly","https://www.googleapis.com/auth/firebase","https://www.googleapis.com/auth/cloud-platform"]
[debug] [2023-05-06T14:26:54.084Z] > authorizing via signed-in user (janekfirebase@gmail.com)
[info] 
     ######## #### ########  ######## ########     ###     ######  ########
     ##        ##  ##     ## ##       ##     ##  ##   ##  ##       ##
     ######    ##  ########  ######   ########  #########  ######  ######
     ##        ##  ##    ##  ##       ##     ## ##     ##       ## ##
     ##       #### ##     ## ######## ########  ##     ##  ######  ########

You're about to initialize a Firebase project in this directory:

  D:\Projekty\Elektromeck\electro-meck-project

[info] 
=== Project Setup
[info] 
[info] First, let's associate this project directory with a Firebase project.
[info] You can create multiple project aliases by running firebase use --add, 
[info] but for now we'll just set up a default project.
[info] 
[debug] [2023-05-06T14:26:58.133Z] >>> [apiv2][query] GET https://firebase.googleapis.com/v1beta1/projects pageSize=100
[debug] [2023-05-06T14:26:58.717Z] <<< [apiv2][status] GET https://firebase.googleapis.com/v1beta1/projects 200
[debug] [2023-05-06T14:26:58.717Z] <<< [apiv2][body] GET https://firebase.googleapis.com/v1beta1/projects [omitted]
[info] i  Using project elektromeck-19e2a (ElektroMeck) 
[info] 
=== Hosting Setup
[info] 
[info] Your public directory is the folder (relative to your project directory) that
[info] will contain Hosting assets to be uploaded with firebase deploy. If you
[info] have a build process for your assets, use your build's output directory.
[info] 
[debug] [2023-05-06T14:27:19.386Z] >>> [apiv2][query] GET https://www.gstatic.com/firebasejs/releases.json [none]
[debug] [2023-05-06T14:27:19.482Z] <<< [apiv2][status] GET https://www.gstatic.com/firebasejs/releases.json 200
[debug] [2023-05-06T14:27:19.482Z] <<< [apiv2][body] GET https://www.gstatic.com/firebasejs/releases.json {"current":{"version":"9.21.0","browserURL":"https://www.gstatic.com/firebasejs/9.21.0/firebase.js","packageURL":"https://www.gstatic.com/firebasejs/9.21.0/firebase.tgz"},"live":{"version":"9.21","browserURL":"https://www.gstatic.com/firebasejs/live/9.21/firebase.js","packageURL":"https://www.gstatic.com/firebasejs/live/9.21/firebase.tgz"},"components":{"analytics":"https://www.gstatic.com/firebasejs/9.21.0/firebase-analytics.js","app":"https://www.gstatic.com/firebasejs/9.21.0/firebase-app.js","app-check":"https://www.gstatic.com/firebasejs/9.21.0/firebase-app-check.js","auth":"https://www.gstatic.com/firebasejs/9.21.0/firebase-auth.js","auth/cordova":"https://www.gstatic.com/firebasejs/9.21.0/firebase-auth/cordova.js","auth/react-native":"https://www.gstatic.com/firebasejs/9.21.0/firebase-auth/react-native.js","functions":"https://www.gstatic.com/firebasejs/9.21.0/firebase-functions.js","firestore":"https://www.gstatic.com/firebasejs/9.21.0/firebase-firestore.js","firestore/lite":"https://www.gstatic.com/firebasejs/9.21.0/firebase-firestore/lite.js","installations":"https://www.gstatic.com/firebasejs/9.21.0/firebase-installations.js","storage":"https://www.gstatic.com/firebasejs/9.21.0/firebase-storage.js","performance":"https://www.gstatic.com/firebasejs/9.21.0/firebase-performance.js","remote-config":"https://www.gstatic.com/firebasejs/9.21.0/firebase-remote-config.js","messaging":"https://www.gstatic.com/firebasejs/9.21.0/firebase-messaging.js","messaging/sw":"https://www.gstatic.com/firebasejs/9.21.0/firebase-messaging/sw.js","database":"https://www.gstatic.com/firebasejs/9.21.0/firebase-database.js","firestore.memory":"https://www.gstatic.com/firebasejs/9.21.0/firebase-firestore.memory.js"}}
[info] i  Skipping write of public/index.html 
[info] 
[info] i  Detected a .git folder at D:\Projekty\Elektromeck\electro-meck-project 
[info] i  Authorizing with GitHub to upload your service account to a GitHub repository's secrets store. 
[info] 
[info] Visit this URL on this device to log in:
[info] https://github.com/login/oauth/authorize?client_id=89cf50f02ac6aaed3484&state=840074275&redirect_uri=http%3A%2F%2Flocalhost%3A9005&scope=read%3Auser%20repo%20public_repo
[info] 
[info] Waiting for authentication...
[debug] [2023-05-06T14:27:54.522Z] >>> [apiv2][query] POST https://github.com/login/oauth/access_token [none]
[debug] [2023-05-06T14:27:54.522Z] >>> [apiv2][body] POST https://github.com/login/oauth/access_token [stream]
[debug] [2023-05-06T14:27:54.873Z] <<< [apiv2][status] POST https://github.com/login/oauth/access_token 200
[debug] [2023-05-06T14:27:54.873Z] <<< [apiv2][body] POST https://github.com/login/oauth/access_token {"access_token":"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","token_type":"bearer","scope":"read:user,repo"}
[debug] [2023-05-06T14:27:54.876Z] >>> [apiv2][query] GET https://api.github.com/user [none]
[debug] [2023-05-06T14:27:55.219Z] <<< [apiv2][status] GET https://api.github.com/user 200
[debug] [2023-05-06T14:27:55.219Z] <<< [apiv2][body] GET https://api.github.com/user {"login":"zalewskidawid","id":73649090,"node_id":"MDQ6VXNlcjczNjQ5MDkw","avatar_url":"https://avatars.githubusercontent.com/u/73649090?v=4","gravatar_id":"","url":"https://api.github.com/users/zalewskidawid","html_url":"https://github.com/zalewskidawid","followers_url":"https://api.github.com/users/zalewskidawid/followers","following_url":"https://api.github.com/users/zalewskidawid/following{/other_user}","gists_url":"https://api.github.com/users/zalewskidawid/gists{/gist_id}","starred_url":"https://api.github.com/users/zalewskidawid/starred{/owner}{/repo}","subscriptions_url":"https://api.github.com/users/zalewskidawid/subscriptions","organizations_url":"https://api.github.com/users/zalewskidawid/orgs","repos_url":"https://api.github.com/users/zalewskidawid/repos","events_url":"https://api.github.com/users/zalewskidawid/events{/privacy}","received_events_url":"https://api.github.com/users/zalewskidawid/received_events","type":"User","site_admin":false,"name":"Dawid Zalewski","company":null,"blog":"","location":null,"email":null,"hireable":null,"bio":"Hej ! \r\nNazywam się Dawid Zalewski.\r\nJestem Junior Front-End Developerem.","twitter_username":null,"public_repos":9,"public_gists":0,"followers":0,"following":0,"created_at":"2020-10-29T12:53:23Z","updated_at":"2023-03-28T18:32:46Z","private_gists":2,"total_private_repos":2,"owned_private_repos":2,"disk_usage":15466,"collaborators":0,"two_factor_authentication":false,"plan":{"name":"free","space":976562499,"collaborators":0,"private_repos":10000}}
[info] 
[info] +  Success! Logged into GitHub as zalewskidawid 
[info] 
